# JRE version: Java(TM) SE Runtime Environment (11.0.1+13) (build 11.0.1+13-LTS)
# Java VM: Java HotSpot(TM) 64-Bit Server VM (11.0.1+13-LTS, mixed mode, tiered, compressed oops, g1 gc, windows-amd64)
Heap:
 garbage-first heap   total 155648K, used 34092K [0x0000000082000000, 0x0000000100000000)
  region size 1024K, 12 young (12288K), 7 survivors (7168K)
 Metaspace       used 58409K, capacity 60337K, committed 60544K, reserved 1101824K
  class space    used 7522K, capacity 8320K, committed 8320K, reserved 1048576K
GC Heap History (10 events):
Event: 6.252 GC heap before
{Heap before GC invocations=6 (full 0):
 garbage-first heap   total 129024K, used 70158K [0x0000000082000000, 0x0000000100000000)
  region size 1024K, 59 young (60416K), 4 survivors (4096K)
 Metaspace       used 34806K, capacity 35786K, committed 35840K, reserved 1081344K
  class space    used 4180K, capacity 4583K, committed 4608K, reserved 1048576K
}
Event: 6.262 GC heap after
{Heap after GC invocations=7 (full 0):
 garbage-first heap   total 155648K, used 16881K [0x0000000082000000, 0x0000000100000000)
  region size 1024K, 6 young (6144K), 6 survivors (6144K)
 Metaspace       used 34806K, capacity 35786K, committed 35840K, reserved 1081344K
  class space    used 4180K, capacity 4583K, committed 4608K, reserved 1048576K
}
Event: 9.120 GC heap before
{Heap before GC invocations=8 (full 0):
 garbage-first heap   total 155648K, used 87537K [0x0000000082000000, 0x0000000100000000)
  region size 1024K, 75 young (76800K), 6 survivors (6144K)
 Metaspace       used 43186K, capacity 44359K, committed 44416K, reserved 1087488K
  class space    used 5503K, capacity 5965K, committed 6016K, reserved 1048576K
}
Event: 9.129 GC heap after
{Heap after GC invocations=9 (full 0):
 garbage-first heap   total 155648K, used 20105K [0x0000000082000000, 0x0000000100000000)
  region size 1024K, 9 young (9216K), 9 survivors (9216K)
 Metaspace       used 43186K, capacity 44359K, committed 44416K, reserved 1087488K
  class space    used 5503K, capacity 5965K, committed 6016K, reserved 1048576K
}
Event: 12.247 GC heap before
{Heap before GC invocations=9 (full 0):
 garbage-first heap   total 155648K, used 98953K [0x0000000082000000, 0x0000000100000000)
  region size 1024K, 86 young (88064K), 9 survivors (9216K)
 Metaspace       used 51808K, capacity 53341K, committed 53632K, reserved 1095680K
  class space    used 6623K, capacity 7251K, committed 7296K, reserved 1048576K
}
Event: 12.263 GC heap after
{Heap after GC invocations=10 (full 0):
 garbage-first heap   total 155648K, used 24147K [0x0000000082000000, 0x0000000100000000)
  region size 1024K, 10 young (10240K), 10 survivors (10240K)
 Metaspace       used 51808K, capacity 53341K, committed 53632K, reserved 1095680K
  class space    used 6623K, capacity 7251K, committed 7296K, reserved 1048576K
}
Event: 15.651 GC heap before
{Heap before GC invocations=10 (full 0):
 garbage-first heap   total 155648K, used 107091K [0x0000000082000000, 0x0000000100000000)
  region size 1024K, 91 young (93184K), 10 survivors (10240K)
 Metaspace       used 57347K, capacity 59141K, committed 59392K, reserved 1099776K
  class space    used 7394K, capacity 8140K, committed 8192K, reserved 1048576K
}
Event: 15.662 GC heap after
{Heap after GC invocations=11 (full 0):
 garbage-first heap   total 155648K, used 27374K [0x0000000082000000, 0x0000000100000000)
  region size 1024K, 8 young (8192K), 8 survivors (8192K)
 Metaspace       used 57347K, capacity 59141K, committed 59392K, reserved 1099776K
  class space    used 7394K, capacity 8140K, committed 8192K, reserved 1048576K
}
Event: 18.232 GC heap before
{Heap before GC invocations=11 (full 0):
 garbage-first heap   total 155648K, used 68334K [0x0000000082000000, 0x0000000100000000)
  region size 1024K, 49 young (50176K), 8 survivors (8192K)
 Metaspace       used 58180K, capacity 60010K, committed 60160K, reserved 1101824K
  class space    used 7462K, capacity 8188K, committed 8192K, reserved 1048576K
}
Event: 18.247 GC heap after
{Heap after GC invocations=12 (full 0):
 garbage-first heap   total 155648K, used 29996K [0x0000000082000000, 0x0000000100000000)
  region size 1024K, 7 young (7168K), 7 survivors (7168K)
 Metaspace       used 58180K, capacity 60010K, committed 60160K, reserved 1101824K
  class space    used 7462K, capacity 8188K, committed 8192K, reserved 1048576K
}

